#
# A fatal error has been detected by the Java Runtime Environment:
#
#  SIGBUS (0xa) at pc=0x000000010272dfb0, pid=35359, tid=24579
#
# JRE version: Java(TM) SE Runtime Environment (12.0.1+12) (build 12.0.1+12)
# Java VM: Java HotSpot(TM) 64-Bit Server VM (12.0.1+12, mixed mode, sharing, tiered, compressed oops, g1 gc, bsd-amd64)
# Problematic frame:
# C  [libasyncProfiler.so+0xcfb0]  StackFrame::pop(bool)+0x6c
#
# No core dump will be written. Core dumps have been disabled. To enable core dumping, try "ulimit -c unlimited" before starting Java again
#
# If you would like to submit a bug report, please visit:
#   http://bugreport.java.com/bugreport/crash.jsp
#

---------------  S U M M A R Y ------------

Command Line: --add-modules=javafx.controls,javafx.fxml,javafx.swing --module-path=/Users/linyicheng/.gradle/caches/modules-2/files-2.1/org.openjfx/javafx-fxml/12.0.2/98dca7c6880c7536343ffd83ef8449c2892afebb/javafx-fxml-12.0.2-mac.jar:/Users/linyicheng/.gradle/caches/modules-2/files-2.1/org.openjfx/javafx-controls/12.0.2/ae69a0ca9c71ef8717734c6a3f7d31461aac4ece/javafx-controls-12.0.2-mac.jar:/Users/linyicheng/.gradle/caches/modules-2/files-2.1/org.openjfx/javafx-swing/12.0.2/8ee99c488c16a6552b1bd65c554e2bdaad74b38b/javafx-swing-12.0.2-mac.jar:/Users/linyicheng/.gradle/caches/modules-2/files-2.1/org.openjfx/javafx-graphics/12.0.2/851bb820c2f537ac7b5fa04bc5209b2d6f956cc7/javafx-graphics-12.0.2-mac.jar:/Users/linyicheng/.gradle/caches/modules-2/files-2.1/org.openjfx/javafx-base/12.0.2/9233d079c0954a4eca7eb8f012136d5bf057179a/javafx-base-12.0.2-mac.jar -agentpath:/private/var/folders/dw/ptp0mfc1003_4sg403w40dz40000gn/T/libasyncProfiler.so=start,collapsed,threads,interval=1ms,framebuf=15000000,file=/private/var/folders/dw/ptp0mfc1003_4sg403w40dz40000gn/T/asyncprofiler11.dump -Dfile.encoding=UTF-8 -Duser.country=SG -Duser.language=en -Duser.variant app.Launcher

Host: MacBookPro14,2 x86_64 3100 MHz, 4 cores, 8G, Darwin 18.6.0
Time: Mon Oct 14 21:06:28 2019 +08 elapsed time: 0 seconds (0d 0h 0m 0s)

---------------  T H R E A D  ---------------

Current thread (0x00007fcea9857800):  JavaThread "JavaFX-Launcher" [_thread_in_Java, id=24579, stack(0x000070000dac4000,0x000070000dbc4000)]

Stack: [0x000070000dac4000,0x000070000dbc4000],  sp=0x000070000dbc0ab0,  free space=1010k
Native frames: (J=compiled Java code, A=aot compiled Java code, j=interpreted, Vv=VM code, C=native code)
C  [libasyncProfiler.so+0xcfb0]  StackFrame::pop(bool)+0x6c
C  [libasyncProfiler.so+0xbada]  Profiler::getJavaTraceAsync(void*, ASGCT_CallFrame*, int)+0x108
C  [libasyncProfiler.so+0xc13c]  Profiler::recordSample(void*, unsigned long long, int, _jmethodID*)+0x12e
C  [libsystem_platform.dylib+0x4b5d]  _sigtramp+0x1d
C  0x00007fceac100000
j  java.util.zip.ZipFile$InflaterCleanupAction.run()V+8 java.base@12.0.1
j  jdk.internal.ref.CleanerImpl$PhantomCleanableRef.performCleanup()V+4 java.base@12.0.1
j  jdk.internal.ref.PhantomCleanable.clean()V+12 java.base@12.0.1
j  java.util.zip.ZipFile$ZipFileInflaterInputStream.close()V+61 java.base@12.0.1
j  java.lang.module.ModuleReader.read(Ljava/lang/String;)Ljava/util/Optional;+40 java.base@12.0.1
j  jdk.internal.loader.BuiltinClassLoader.defineClass(Ljava/lang/String;Ljdk/internal/loader/BuiltinClassLoader$LoadedModule;)Ljava/lang/Class;+79 java.base@12.0.1
j  jdk.internal.loader.BuiltinClassLoader.findClassInModuleOrNull(Ljdk/internal/loader/BuiltinClassLoader$LoadedModule;Ljava/lang/String;)Ljava/lang/Class;+9 java.base@12.0.1
j  jdk.internal.loader.BuiltinClassLoader.loadClassOrNull(Ljava/lang/String;Z)Ljava/lang/Class;+55 java.base@12.0.1
j  jdk.internal.loader.BuiltinClassLoader.loadClass(Ljava/lang/String;Z)Ljava/lang/Class;+3 java.base@12.0.1
j  jdk.internal.loader.ClassLoaders$AppClassLoader.loadClass(Ljava/lang/String;Z)Ljava/lang/Class;+36 java.base@12.0.1
j  java.lang.ClassLoader.loadClass(Ljava/lang/String;)Ljava/lang/Class;+3 java.base@12.0.1
v  ~StubRoutines::call_stub
V  [libjvm.dylib+0x393675]  JavaCalls::call_helper(JavaValue*, methodHandle const&, JavaCallArguments*, Thread*)+0x285
V  [libjvm.dylib+0x392a54]  JavaCalls::call_virtual(JavaValue*, Klass*, Symbol*, Symbol*, JavaCallArguments*, Thread*)+0xee
V  [libjvm.dylib+0x392b9d]  JavaCalls::call_virtual(JavaValue*, Handle, Klass*, Symbol*, Symbol*, Handle, Thread*)+0x6f
V  [libjvm.dylib+0x6adbbb]  SystemDictionary::load_instance_class(Symbol*, Handle, Thread*)+0x101
V  [libjvm.dylib+0x6acde7]  SystemDictionary::resolve_instance_class_or_null(Symbol*, Handle, Handle, Thread*)+0x43d
V  [libjvm.dylib+0x6ac5ed]  SystemDictionary::resolve_or_fail(Symbol*, Handle, Handle, bool, Thread*)+0x1b
V  [libjvm.dylib+0x718f80]  VerificationType::resolve_and_check_assignability(InstanceKlass*, Symbol*, Symbol*, bool, bool, bool, Thread*)+0xc4
V  [libjvm.dylib+0x71929f]  VerificationType::is_reference_assignable_from(VerificationType const&, ClassVerifier*, bool, Thread*) const+0x1e3
V  [libjvm.dylib+0x727778]  ClassVerifier::verify_invoke_instructions(RawBytecodeStream*, unsigned int, StackMapFrame*, bool, bool*, VerificationType, constantPoolHandle const&, StackMapTable*, Thread*)+0x89c
V  [libjvm.dylib+0x71bcd6]  ClassVerifier::verify_method(methodHandle const&, Thread*)+0x886
V  [libjvm.dylib+0x71a0db]  ClassVerifier::verify_class(Thread*)+0xc1
V  [libjvm.dylib+0x719bbb]  Verifier::verify(InstanceKlass*, bool, Thread*)+0x1e1
V  [libjvm.dylib+0x37bcf0]  InstanceKlass::link_class_impl(Thread*)+0x282
V  [libjvm.dylib+0x37c5a2]  InstanceKlass::link_class(Thread*)+0x12
V  [libjvm.dylib+0x40a997]  get_class_declared_methods_helper(JNIEnv_*, _jclass*, unsigned char, bool, Klass*, Thread*)+0xdf
V  [libjvm.dylib+0x40ad37]  JVM_GetClassDeclaredConstructors+0xc2
j  java.lang.Class.getDeclaredConstructors0(Z)[Ljava/lang/reflect/Constructor;+0 java.base@12.0.1
j  java.lang.Class.privateGetDeclaredConstructors(Z)[Ljava/lang/reflect/Constructor;+52 java.base@12.0.1
j  java.lang.Class.getConstructor0([Ljava/lang/Class;I)Ljava/lang/reflect/Constructor;+14 java.base@12.0.1
j  java.lang.Class.newInstance()Ljava/lang/Object;+54 java.base@12.0.1
j  com.sun.javafx.tk.Toolkit.getToolkit()Lcom/sun/javafx/tk/Toolkit;+162 javafx.graphics
j  com.sun.javafx.application.PlatformImpl.startup(Ljava/lang/Runnable;Z)V+116 javafx.graphics
j  com.sun.javafx.application.PlatformImpl.startup(Ljava/lang/Runnable;)V+2 javafx.graphics
j  com.sun.javafx.application.LauncherImpl.startToolkit()V+26 javafx.graphics
j  com.sun.javafx.application.LauncherImpl.launchApplication1(Ljava/lang/Class;Ljava/lang/Class;[Ljava/lang/String;)V+0 javafx.graphics
j  com.sun.javafx.application.LauncherImpl.lambda$launchApplication$2(Ljava/lang/Class;Ljava/lang/Class;[Ljava/lang/String;Ljava/util/concurrent/CountDownLatch;)V+3 javafx.graphics
j  com.sun.javafx.application.LauncherImpl$$Lambda$30.run()V+16 javafx.graphics
j  java.lang.Thread.run()V+11 java.base@12.0.1
v  ~StubRoutines::call_stub
V  [libjvm.dylib+0x393675]  JavaCalls::call_helper(JavaValue*, methodHandle const&, JavaCallArguments*, Thread*)+0x285
V  [libjvm.dylib+0x392a54]  JavaCalls::call_virtual(JavaValue*, Klass*, Symbol*, Symbol*, JavaCallArguments*, Thread*)+0xee
V  [libjvm.dylib+0x392b10]  JavaCalls::call_virtual(JavaValue*, Handle, Klass*, Symbol*, Symbol*, Thread*)+0x62
V  [libjvm.dylib+0x410d20]  thread_entry(JavaThread*, Thread*)+0x78
V  [libjvm.dylib+0x6e3d2a]  JavaThread::thread_main_inner()+0x82
V  [libjvm.dylib+0x6e3b74]  JavaThread::run()+0x16c
V  [libjvm.dylib+0x6e1a7a]  Thread::call_run()+0x68
V  [libjvm.dylib+0x5dbeb7]  thread_native_entry(Thread*)+0x139
C  [libsystem_pthread.dylib+0x32eb]  _pthread_body+0x7e
C  [libsystem_pthread.dylib+0x6249]  _pthread_start+0x42
C  [libsystem_pthread.dylib+0x240d]  thread_start+0xd


siginfo: si_signo: 10 (SIGBUS), si_code: 2 (BUS_ADRERR), si_addr: 0x00000007ffffffff

Register to memory mapping:

RAX=0x000070000dbc0be0 is pointing into the stack for thread: 0x00007fcea9857800
RBX=0x00000000000007fe is an unknown value
RCX=0x000070000dbc1108 is pointing into the stack for thread: 0x00007fcea9857800
RDX=0x000000010afbbcb3 is at code_begin+2355 in an Interpreter codelet
invoke return entry points  [0x000000010afbb380, 0x000000010afbbda0]  2592 bytes
RSP=0x000070000dbc0ab0 is pointing into the stack for thread: 0x00007fcea9857800
RBP=0x000070000dbc0ab0 is pointing into the stack for thread: 0x00007fcea9857800
RSI=0x000070000dbc0c20 is pointing into the stack for thread: 0x00007fcea9857800
RDI=0x000070000dbc0ae0 is pointing into the stack for thread: 0x00007fcea9857800
R8 =0x0000000800000000 is pointing into metadata
R9 =0xffff9000fd3fb21b is an unknown value
R10=0x000000010233c400: _ZN19TemplateInterpreter20_invoke_return_entryE+0 in /Library/Java/JavaVirtualMachines/jdk-12.0.1.jdk/Contents/Home/lib/server/libjvm.dylib at 0x00000001019c3000
R11=0x000000010b5d4e00 is at entry_point+64 in (nmethod*)0x000000010b5d4b90
R12=0x000070000dbc0ae0 is pointing into the stack for thread: 0x00007fcea9857800
R13=0x0000000800000000 is pointing into metadata
R14=0x000070000dbc1050 is pointing into the stack for thread: 0x00007fcea9857800
R15=0x0000000102739f20: _ZN8Profiler9_instanceE+0 in /private/var/folders/dw/ptp0mfc1003_4sg403w40dz40000gn/T/libasyncProfiler.so at 0x0000000102721000


Registers:
RAX=0x000070000dbc0be0, RBX=0x00000000000007fe, RCX=0x000070000dbc1108, RDX=0x000000010afbbcb3
RSP=0x000070000dbc0ab0, RBP=0x000070000dbc0ab0, RSI=0x000070000dbc0c20, RDI=0x000070000dbc0ae0
R8 =0x0000000800000000, R9 =0xffff9000fd3fb21b, R10=0x000000010233c400, R11=0x000000010b5d4e00
R12=0x000070000dbc0ae0, R13=0x0000000800000000, R14=0x000070000dbc1050, R15=0x0000000102739f20
RIP=0x000000010272dfb0, EFLAGS=0x0000000000010286, ERR=0x0000000000000004
  TRAPNO=0x000000000000000e

Top of Stack: (sp=0x000070000dbc0ab0)
0x000070000dbc0ab0:   000070000dbc0b30 000000010272cada
0x000070000dbc0ac0:   000070000dbc0ae0 000070000dbc1170
0x000070000dbc0ad0:   000070000dbc1108 0000000102b52048
0x000070000dbc0ae0:   000070000dbc1050 00007fcea9857b30
0x000070000dbc0af0:   00007fcefffffffb 0000000102b52048
0x000070000dbc0b00:   00007fcea9857b30 0000000000000000
0x000070000dbc0b10:   00000000000007fe 000070000dbc1110
0x000070000dbc0b20:   0000000000000001 0000000102739f20
0x000070000dbc0b30:   000070000dbc0bb0 000000010272d13c
0x000070000dbc0b40:   000070000dbc0b70 0000000102b3a004
0x000070000dbc0b50:   0000000000000003 00006003a9857908
0x000070000dbc0b60:   0000000102b52038 000070000dbc1050
0x000070000dbc0b70:   00000000000f4240 0000000000018000
0x000070000dbc0b80:   000070000dbc0c10 000070000dbc1050
0x000070000dbc0b90:   3ecf6c9205bde76b 000070000dbc1110
0x000070000dbc0ba0:   0000000000000000 00007fcea9857800
0x000070000dbc0bb0:   000070000dbc0bc0 00007fff7b853b5d
0x000070000dbc0bc0:   000070000dbc1170 00007fceac100000
0x000070000dbc0bd0:   0000000000000000 0000000000000000
0x000070000dbc0be0:   00000000000000dd 000000078761e258
0x000070000dbc0bf0:   000000080024f260 000000080024ff10
0x000070000dbc0c00:   0000000787aa26a0 0000000000000000
0x000070000dbc0c10:   000000010afbba00 000070000dbc1118
0x000070000dbc0c20:   000070000dbc1170 000070000dbc1108
0x000070000dbc0c30:   0000000000007876 0000000000000558
0x000070000dbc0c40:   000000010233c400 000000010b5d4e00
0x000070000dbc0c50:   0000000000000000 000070000dbc1110
0x000070000dbc0c60:   0000000000000000 00007fcea9857800
0x000070000dbc0c70:   0000000800000000 0000000000000246
0x000070000dbc0c80:   000000000000002b 0000000000000000
0x000070000dbc0c90:   0000000000000000 0000000000000000
0x000070000dbc0ca0:   000000000000037f 0000000000000000 

Instructions: (pc=0x000000010272dfb0)
0x000000010272df90:   ca 74 5d 48 8b 11 4c 8d 45 e8 49 89 d1 4d 29 c1
0x000000010272dfa0:   49 81 f9 00 00 01 00 72 47 4c 8b 80 90 00 00 00
0x000000010272dfb0:   45 8b 40 ff 41 81 f8 55 48 83 ec 74 33 41 81 f8
0x000000010272dfc0:   55 48 8b ec 74 2a 41 81 e0 00 ff ff ff 41 81 f8 

Stack slot to memory mapping:
stack at sp + 0 slots: 0x000070000dbc0b30 is pointing into the stack for thread: 0x00007fcea9857800
stack at sp + 1 slots: 0x000000010272cada: _ZN8Profiler17getJavaTraceAsyncEPvP15ASGCT_CallFramei+0x108 in /private/var/folders/dw/ptp0mfc1003_4sg403w40dz40000gn/T/libasyncProfiler.so at 0x0000000102721000
stack at sp + 2 slots: 0x000070000dbc0ae0 is pointing into the stack for thread: 0x00007fcea9857800
stack at sp + 3 slots: 0x000070000dbc1170 is pointing into the stack for thread: 0x00007fcea9857800
stack at sp + 4 slots: 0x000070000dbc1108 is pointing into the stack for thread: 0x00007fcea9857800
stack at sp + 5 slots: 0x0000000102b52048: _ZN8Profiler9_instanceE+0x418128 in /private/var/folders/dw/ptp0mfc1003_4sg403w40dz40000gn/T/libasyncProfiler.so at 0x0000000102721000
stack at sp + 6 slots: 0x000070000dbc1050 is pointing into the stack for thread: 0x00007fcea9857800
stack at sp + 7 slots: 0x00007fcea9857b30 points into unknown readable memory: 70 c4 2b 02 01 00 00 00


---------------  P R O C E S S  ---------------

Threads class SMR info:
_java_thread_list=0x00007fceac25cc80, length=10, elements={
0x00007fcea880d000, 0x00007fcea8843000, 0x00007fcea8846000, 0x00007fcea9016000,
0x00007fcea9854000, 0x00007fcea9859800, 0x00007fceaa01f800, 0x00007fcea906f000,
0x00007fceaa021000, 0x00007fcea9857800
}

Java Threads: ( => current thread )
  0x00007fcea880d000 JavaThread "main" [_thread_blocked, id=8195, stack(0x000070000ca94000,0x000070000cb94000)]
  0x00007fcea8843000 JavaThread "Reference Handler" daemon [_thread_blocked, id=18179, stack(0x000070000d1a9000,0x000070000d2a9000)]
  0x00007fcea8846000 JavaThread "Finalizer" daemon [_thread_blocked, id=17923, stack(0x000070000d2ac000,0x000070000d3ac000)]
  0x00007fcea9016000 JavaThread "Signal Dispatcher" daemon [_thread_blocked, id=16387, stack(0x000070000d3af000,0x000070000d4af000)]
  0x00007fcea9854000 JavaThread "C2 CompilerThread0" daemon [_thread_blocked, id=22019, stack(0x000070000d4b2000,0x000070000d5b2000)]
  0x00007fcea9859800 JavaThread "C1 CompilerThread0" daemon [_thread_blocked, id=43011, stack(0x000070000d5b5000,0x000070000d6b5000)]
  0x00007fceaa01f800 JavaThread "Sweeper thread" daemon [_thread_blocked, id=42755, stack(0x000070000d6b8000,0x000070000d7b8000)]
  0x00007fcea906f000 JavaThread "Common-Cleaner" daemon [_thread_blocked, id=23299, stack(0x000070000d7bb000,0x000070000d8bb000)]
  0x00007fceaa021000 JavaThread "Service Thread" daemon [_thread_blocked, id=42243, stack(0x000070000d8be000,0x000070000d9be000)]
=>0x00007fcea9857800 JavaThread "JavaFX-Launcher" [_thread_in_Java, id=24579, stack(0x000070000dac4000,0x000070000dbc4000)]

Other Threads:
  0x00007fcea8842800 VMThread "VM Thread" [stack: 0x000070000d0a6000,0x000070000d1a6000] [id=14339]
  0x00007fceaa055000 WatcherThread [stack: 0x000070000d9c1000,0x000070000dac1000] [id=41987]
  0x00007fceaa00e000 GCTaskThread "GC Thread#0" [stack: 0x000070000cb97000,0x000070000cc97000] [id=20483]
  0x00007fceaa01b000 ConcurrentGCThread "G1 Main Marker" [stack: 0x000070000cc9a000,0x000070000cd9a000] [id=12035]
  0x00007fcea9003800 ConcurrentGCThread "G1 Conc#0" [stack: 0x000070000cd9d000,0x000070000ce9d000] [id=12547]
  0x00007fcea9842000 ConcurrentGCThread "G1 Refine#0" [stack: 0x000070000cea0000,0x000070000cfa0000] [id=13059]
  0x00007fcea9842800 ConcurrentGCThread "G1 Young RemSet Sampling" [stack: 0x000070000cfa3000,0x000070000d0a3000] [id=19459]

Threads with active compile tasks:

VM state:not at safepoint (normal execution)

VM Mutex/Monitor currently owned by a thread: None

Heap address: 0x0000000780000000, size: 2048 MB, Compressed Oops mode: Zero based, Oop shift amount: 3
Narrow klass base: 0x0000000800000000, Narrow klass shift: 3
Compressed class space size: 1073741824 Address: 0x00000008010fa000

Heap:
 garbage-first heap   total 133120K, used 8920K [0x0000000780000000, 0x0000000800000000)
  region size 1024K, 10 young (10240K), 0 survivors (0K)
 Metaspace       used 1833K, capacity 5476K, committed 5760K, reserved 1056768K
  class space    used 191K, capacity 551K, committed 640K, reserved 1048576K
Heap Regions: E=young(eden), S=young(survivor), O=old, HS=humongous(starts), HC=humongous(continues), CS=collection set, F=free, A=archive, TAMS=top-at-mark-start (previous, next)
|   0|0x0000000780000000, 0x0000000780000000, 0x0000000780100000|  0%| F|  |TAMS 0x0000000780000000, 0x0000000780000000| Untracked 
|   1|0x0000000780100000, 0x0000000780100000, 0x0000000780200000|  0%| F|  |TAMS 0x0000000780100000, 0x0000000780100000| Untracked 
|   2|0x0000000780200000, 0x0000000780200000, 0x0000000780300000|  0%| F|  |TAMS 0x0000000780200000, 0x0000000780200000| Untracked 
|   3|0x0000000780300000, 0x0000000780300000, 0x0000000780400000|  0%| F|  |TAMS 0x0000000780300000, 0x0000000780300000| Untracked 
|   4|0x0000000780400000, 0x0000000780400000, 0x0000000780500000|  0%| F|  |TAMS 0x0000000780400000, 0x0000000780400000| Untracked 
|   5|0x0000000780500000, 0x0000000780500000, 0x0000000780600000|  0%| F|  |TAMS 0x0000000780500000, 0x0000000780500000| Untracked 
|   6|0x0000000780600000, 0x0000000780600000, 0x0000000780700000|  0%| F|  |TAMS 0x0000000780600000, 0x0000000780600000| Untracked 
|   7|0x0000000780700000, 0x0000000780700000, 0x0000000780800000|  0%| F|  |TAMS 0x0000000780700000, 0x0000000780700000| Untracked 
|   8|0x0000000780800000, 0x0000000780800000, 0x0000000780900000|  0%| F|  |TAMS 0x0000000780800000, 0x0000000780800000| Untracked 
|   9|0x0000000780900000, 0x0000000780900000, 0x0000000780a00000|  0%| F|  |TAMS 0x0000000780900000, 0x0000000780900000| Untracked 
|  10|0x0000000780a00000, 0x0000000780a00000, 0x0000000780b00000|  0%| F|  |TAMS 0x0000000780a00000, 0x0000000780a00000| Untracked 
|  11|0x0000000780b00000, 0x0000000780b00000, 0x0000000780c00000|  0%| F|  |TAMS 0x0000000780b00000, 0x0000000780b00000| Untracked 
|  12|0x0000000780c00000, 0x0000000780c00000, 0x0000000780d00000|  0%| F|  |TAMS 0x0000000780c00000, 0x0000000780c00000| Untracked 
|  13|0x0000000780d00000, 0x0000000780d00000, 0x0000000780e00000|  0%| F|  |TAMS 0x0000000780d00000, 0x0000000780d00000| Untracked 
|  14|0x0000000780e00000, 0x0000000780e00000, 0x0000000780f00000|  0%| F|  |TAMS 0x0000000780e00000, 0x0000000780e00000| Untracked 
|  15|0x0000000780f00000, 0x0000000780f00000, 0x0000000781000000|  0%| F|  |TAMS 0x0000000780f00000, 0x0000000780f00000| Untracked 
|  16|0x0000000781000000, 0x0000000781000000, 0x0000000781100000|  0%| F|  |TAMS 0x0000000781000000, 0x0000000781000000| Untracked 
|  17|0x0000000781100000, 0x0000000781100000, 0x0000000781200000|  0%| F|  |TAMS 0x0000000781100000, 0x0000000781100000| Untracked 
|  18|0x0000000781200000, 0x0000000781200000, 0x0000000781300000|  0%| F|  |TAMS 0x0000000781200000, 0x0000000781200000| Untracked 
|  19|0x0000000781300000, 0x0000000781300000, 0x0000000781400000|  0%| F|  |TAMS 0x0000000781300000, 0x0000000781300000| Untracked 
|  20|0x0000000781400000, 0x0000000781400000, 0x0000000781500000|  0%| F|  |TAMS 0x0000000781400000, 0x0000000781400000| Untracked 
|  21|0x0000000781500000, 0x0000000781500000, 0x0000000781600000|  0%| F|  |TAMS 0x0000000781500000, 0x0000000781500000| Untracked 
|  22|0x0000000781600000, 0x0000000781600000, 0x0000000781700000|  0%| F|  |TAMS 0x0000000781600000, 0x0000000781600000| Untracked 
|  23|0x0000000781700000, 0x0000000781700000, 0x0000000781800000|  0%| F|  |TAMS 0x0000000781700000, 0x0000000781700000| Untracked 
|  24|0x0000000781800000, 0x0000000781800000, 0x0000000781900000|  0%| F|  |TAMS 0x0000000781800000, 0x0000000781800000| Untracked 
|  25|0x0000000781900000, 0x0000000781900000, 0x0000000781a00000|  0%| F|  |TAMS 0x0000000781900000, 0x0000000781900000| Untracked 
|  26|0x0000000781a00000, 0x0000000781a00000, 0x0000000781b00000|  0%| F|  |TAMS 0x0000000781a00000, 0x0000000781a00000| Untracked 
|  27|0x0000000781b00000, 0x0000000781b00000, 0x0000000781c00000|  0%| F|  |TAMS 0x0000000781b00000, 0x0000000781b00000| Untracked 
|  28|0x0000000781c00000, 0x0000000781c00000, 0x0000000781d00000|  0%| F|  |TAMS 0x0000000781c00000, 0x0000000781c00000| Untracked 
|  29|0x0000000781d00000, 0x0000000781d00000, 0x0000000781e00000|  0%| F|  |TAMS 0x0000000781d00000, 0x0000000781d00000| Untracked 
|  30|0x0000000781e00000, 0x0000000781e00000, 0x0000000781f00000|  0%| F|  |TAMS 0x0000000781e00000, 0x0000000781e00000| Untracked 
|  31|0x0000000781f00000, 0x0000000781f00000, 0x0000000782000000|  0%| F|  |TAMS 0x0000000781f00000, 0x0000000781f00000| Untracked 
|  32|0x0000000782000000, 0x0000000782000000, 0x0000000782100000|  0%| F|  |TAMS 0x0000000782000000, 0x0000000782000000| Untracked 
|  33|0x0000000782100000, 0x0000000782100000, 0x0000000782200000|  0%| F|  |TAMS 0x0000000782100000, 0x0000000782100000| Untracked 
|  34|0x0000000782200000, 0x0000000782200000, 0x0000000782300000|  0%| F|  |TAMS 0x0000000782200000, 0x0000000782200000| Untracked 
|  35|0x0000000782300000, 0x0000000782300000, 0x0000000782400000|  0%| F|  |TAMS 0x0000000782300000, 0x0000000782300000| Untracked 
|  36|0x0000000782400000, 0x0000000782400000, 0x0000000782500000|  0%| F|  |TAMS 0x0000000782400000, 0x0000000782400000| Untracked 
|  37|0x0000000782500000, 0x0000000782500000, 0x0000000782600000|  0%| F|  |TAMS 0x0000000782500000, 0x0000000782500000| Untracked 
|  38|0x0000000782600000, 0x0000000782600000, 0x0000000782700000|  0%| F|  |TAMS 0x0000000782600000, 0x0000000782600000| Untracked 
|  39|0x0000000782700000, 0x0000000782700000, 0x0000000782800000|  0%| F|  |TAMS 0x0000000782700000, 0x0000000782700000| Untracked 
|  40|0x0000000782800000, 0x0000000782800000, 0x0000000782900000|  0%| F|  |TAMS 0x0000000782800000, 0x0000000782800000| Untracked 
|  41|0x0000000782900000, 0x0000000782900000, 0x0000000782a00000|  0%| F|  |TAMS 0x0000000782900000, 0x0000000782900000| Untracked 
|  42|0x0000000782a00000, 0x0000000782a00000, 0x0000000782b00000|  0%| F|  |TAMS 0x0000000782a00000, 0x0000000782a00000| Untracked 
|  43|0x0000000782b00000, 0x0000000782b00000, 0x0000000782c00000|  0%| F|  |TAMS 0x0000000782b00000, 0x0000000782b00000| Untracked 
|  44|0x0000000782c00000, 0x0000000782c00000, 0x0000000782d00000|  0%| F|  |TAMS 0x0000000782c00000, 0x0000000782c00000| Untracked 
|  45|0x0000000782d00000, 0x0000000782d00000, 0x0000000782e00000|  0%| F|  |TAMS 0x0000000782d00000, 0x0000000782d00000| Untracked 
|  46|0x0000000782e00000, 0x0000000782e00000, 0x0000000782f00000|  0%| F|  |TAMS 0x0000000782e00000, 0x0000000782e00000| Untracked 
|  47|0x0000000782f00000, 0x0000000782f00000, 0x0000000783000000|  0%| F|  |TAMS 0x0000000782f00000, 0x0000000782f00000| Untracked 
|  48|0x0000000783000000, 0x0000000783000000, 0x0000000783100000|  0%| F|  |TAMS 0x0000000783000000, 0x0000000783000000| Untracked 
|  49|0x0000000783100000, 0x0000000783100000, 0x0000000783200000|  0%| F|  |TAMS 0x0000000783100000, 0x0000000783100000| Untracked 
|  50|0x0000000783200000, 0x0000000783200000, 0x0000000783300000|  0%| F|  |TAMS 0x0000000783200000, 0x0000000783200000| Untracked 
|  51|0x0000000783300000, 0x0000000783300000, 0x0000000783400000|  0%| F|  |TAMS 0x0000000783300000, 0x0000000783300000| Untracked 
|  52|0x0000000783400000, 0x0000000783400000, 0x0000000783500000|  0%| F|  |TAMS 0x0000000783400000, 0x0000000783400000| Untracked 
|  53|0x0000000783500000, 0x0000000783500000, 0x0000000783600000|  0%| F|  |TAMS 0x0000000783500000, 0x0000000783500000| Untracked 
|  54|0x0000000783600000, 0x0000000783600000, 0x0000000783700000|  0%| F|  |TAMS 0x0000000783600000, 0x0000000783600000| Untracked 
|  55|0x0000000783700000, 0x0000000783700000, 0x0000000783800000|  0%| F|  |TAMS 0x0000000783700000, 0x0000000783700000| Untracked 
|  56|0x0000000783800000, 0x0000000783800000, 0x0000000783900000|  0%| F|  |TAMS 0x0000000783800000, 0x0000000783800000| Untracked 
|  57|0x0000000783900000, 0x0000000783900000, 0x0000000783a00000|  0%| F|  |TAMS 0x0000000783900000, 0x0000000783900000| Untracked 
|  58|0x0000000783a00000, 0x0000000783a00000, 0x0000000783b00000|  0%| F|  |TAMS 0x0000000783a00000, 0x0000000783a00000| Untracked 
|  59|0x0000000783b00000, 0x0000000783b00000, 0x0000000783c00000|  0%| F|  |TAMS 0x0000000783b00000, 0x0000000783b00000| Untracked 
|  60|0x0000000783c00000, 0x0000000783c00000, 0x0000000783d00000|  0%| F|  |TAMS 0x0000000783c00000, 0x0000000783c00000| Untracked 
|  61|0x0000000783d00000, 0x0000000783d00000, 0x0000000783e00000|  0%| F|  |TAMS 0x0000000783d00000, 0x0000000783d00000| Untracked 
|  62|0x0000000783e00000, 0x0000000783e00000, 0x0000000783f00000|  0%| F|  |TAMS 0x0000000783e00000, 0x0000000783e00000| Untracked 
|  63|0x0000000783f00000, 0x0000000783f00000, 0x0000000784000000|  0%| F|  |TAMS 0x0000000783f00000, 0x0000000783f00000| Untracked 
|  64|0x0000000784000000, 0x0000000784000000, 0x0000000784100000|  0%| F|  |TAMS 0x0000000784000000, 0x0000000784000000| Untracked 
|  65|0x0000000784100000, 0x0000000784100000, 0x0000000784200000|  0%| F|  |TAMS 0x0000000784100000, 0x0000000784100000| Untracked 
|  66|0x0000000784200000, 0x0000000784200000, 0x0000000784300000|  0%| F|  |TAMS 0x0000000784200000, 0x0000000784200000| Untracked 
|  67|0x0000000784300000, 0x0000000784300000, 0x0000000784400000|  0%| F|  |TAMS 0x0000000784300000, 0x0000000784300000| Untracked 
|  68|0x0000000784400000, 0x0000000784400000, 0x0000000784500000|  0%| F|  |TAMS 0x0000000784400000, 0x0000000784400000| Untracked 
|  69|0x0000000784500000, 0x0000000784500000, 0x0000000784600000|  0%| F|  |TAMS 0x0000000784500000, 0x0000000784500000| Untracked 
|  70|0x0000000784600000, 0x0000000784600000, 0x0000000784700000|  0%| F|  |TAMS 0x0000000784600000, 0x0000000784600000| Untracked 
|  71|0x0000000784700000, 0x0000000784700000, 0x0000000784800000|  0%| F|  |TAMS 0x0000000784700000, 0x0000000784700000| Untracked 
|  72|0x0000000784800000, 0x0000000784800000, 0x0000000784900000|  0%| F|  |TAMS 0x0000000784800000, 0x0000000784800000| Untracked 
|  73|0x0000000784900000, 0x0000000784900000, 0x0000000784a00000|  0%| F|  |TAMS 0x0000000784900000, 0x0000000784900000| Untracked 
|  74|0x0000000784a00000, 0x0000000784a00000, 0x0000000784b00000|  0%| F|  |TAMS 0x0000000784a00000, 0x0000000784a00000| Untracked 
|  75|0x0000000784b00000, 0x0000000784b00000, 0x0000000784c00000|  0%| F|  |TAMS 0x0000000784b00000, 0x0000000784b00000| Untracked 
|  76|0x0000000784c00000, 0x0000000784c00000, 0x0000000784d00000|  0%| F|  |TAMS 0x0000000784c00000, 0x0000000784c00000| Untracked 
|  77|0x0000000784d00000, 0x0000000784d00000, 0x0000000784e00000|  0%| F|  |TAMS 0x0000000784d00000, 0x0000000784d00000| Untracked 
|  78|0x0000000784e00000, 0x0000000784e00000, 0x0000000784f00000|  0%| F|  |TAMS 0x0000000784e00000, 0x0000000784e00000| Untracked 
|  79|0x0000000784f00000, 0x0000000784f00000, 0x0000000785000000|  0%| F|  |TAMS 0x0000000784f00000, 0x0000000784f00000| Untracked 
|  80|0x0000000785000000, 0x0000000785000000, 0x0000000785100000|  0%| F|  |TAMS 0x0000000785000000, 0x0000000785000000| Untracked 
|  81|0x0000000785100000, 0x0000000785100000, 0x0000000785200000|  0%| F|  |TAMS 0x0000000785100000, 0x0000000785100000| Untracked 
|  82|0x0000000785200000, 0x0000000785200000, 0x0000000785300000|  0%| F|  |TAMS 0x0000000785200000, 0x0000000785200000| Untracked 
|  83|0x0000000785300000, 0x0000000785300000, 0x0000000785400000|  0%| F|  |TAMS 0x0000000785300000, 0x0000000785300000| Untracked 
|  84|0x0000000785400000, 0x0000000785400000, 0x0000000785500000|  0%| F|  |TAMS 0x0000000785400000, 0x0000000785400000| Untracked 
|  85|0x0000000785500000, 0x0000000785500000, 0x0000000785600000|  0%| F|  |TAMS 0x0000000785500000, 0x0000000785500000| Untracked 
|  86|0x0000000785600000, 0x0000000785600000, 0x0000000785700000|  0%| F|  |TAMS 0x0000000785600000, 0x0000000785600000| Untracked 
|  87|0x0000000785700000, 0x0000000785700000, 0x0000000785800000|  0%| F|  |TAMS 0x0000000785700000, 0x0000000785700000| Untracked 
|  88|0x0000000785800000, 0x0000000785800000, 0x0000000785900000|  0%| F|  |TAMS 0x0000000785800000, 0x0000000785800000| Untracked 
|  89|0x0000000785900000, 0x0000000785900000, 0x0000000785a00000|  0%| F|  |TAMS 0x0000000785900000, 0x0000000785900000| Untracked 
|  90|0x0000000785a00000, 0x0000000785a00000, 0x0000000785b00000|  0%| F|  |TAMS 0x0000000785a00000, 0x0000000785a00000| Untracked 
|  91|0x0000000785b00000, 0x0000000785b00000, 0x0000000785c00000|  0%| F|  |TAMS 0x0000000785b00000, 0x0000000785b00000| Untracked 
|  92|0x0000000785c00000, 0x0000000785c00000, 0x0000000785d00000|  0%| F|  |TAMS 0x0000000785c00000, 0x0000000785c00000| Untracked 
|  93|0x0000000785d00000, 0x0000000785d00000, 0x0000000785e00000|  0%| F|  |TAMS 0x0000000785d00000, 0x0000000785d00000| Untracked 
|  94|0x0000000785e00000, 0x0000000785e00000, 0x0000000785f00000|  0%| F|  |TAMS 0x0000000785e00000, 0x0000000785e00000| Untracked 
|  95|0x0000000785f00000, 0x0000000785f00000, 0x0000000786000000|  0%| F|  |TAMS 0x0000000785f00000, 0x0000000785f00000| Untracked 
|  96|0x0000000786000000, 0x0000000786000000, 0x0000000786100000|  0%| F|  |TAMS 0x0000000786000000, 0x0000000786000000| Untracked 
|  97|0x0000000786100000, 0x0000000786100000, 0x0000000786200000|  0%| F|  |TAMS 0x0000000786100000, 0x0000000786100000| Untracked 
|  98|0x0000000786200000, 0x0000000786200000, 0x0000000786300000|  0%| F|  |TAMS 0x0000000786200000, 0x0000000786200000| Untracked 
|  99|0x0000000786300000, 0x0000000786300000, 0x0000000786400000|  0%| F|  |TAMS 0x0000000786300000, 0x0000000786300000| Untracked 
| 100|0x0000000786400000, 0x0000000786400000, 0x0000000786500000|  0%| F|  |TAMS 0x0000000786400000, 0x0000000786400000| Untracked 
| 101|0x0000000786500000, 0x0000000786500000, 0x0000000786600000|  0%| F|  |TAMS 0x0000000786500000, 0x0000000786500000| Untracked 
| 102|0x0000000786600000, 0x0000000786600000, 0x0000000786700000|  0%| F|  |TAMS 0x0000000786600000, 0x0000000786600000| Untracked 
| 103|0x0000000786700000, 0x0000000786700000, 0x0000000786800000|  0%| F|  |TAMS 0x0000000786700000, 0x0000000786700000| Untracked 
| 104|0x0000000786800000, 0x0000000786800000, 0x0000000786900000|  0%| F|  |TAMS 0x0000000786800000, 0x0000000786800000| Untracked 
| 105|0x0000000786900000, 0x0000000786900000, 0x0000000786a00000|  0%| F|  |TAMS 0x0000000786900000, 0x0000000786900000| Untracked 
| 106|0x0000000786a00000, 0x0000000786a00000, 0x0000000786b00000|  0%| F|  |TAMS 0x0000000786a00000, 0x0000000786a00000| Untracked 
| 107|0x0000000786b00000, 0x0000000786b00000, 0x0000000786c00000|  0%| F|  |TAMS 0x0000000786b00000, 0x0000000786b00000| Untracked 
| 108|0x0000000786c00000, 0x0000000786c00000, 0x0000000786d00000|  0%| F|  |TAMS 0x0000000786c00000, 0x0000000786c00000| Untracked 
| 109|0x0000000786d00000, 0x0000000786d00000, 0x0000000786e00000|  0%| F|  |TAMS 0x0000000786d00000, 0x0000000786d00000| Untracked 
| 110|0x0000000786e00000, 0x0000000786e00000, 0x0000000786f00000|  0%| F|  |TAMS 0x0000000786e00000, 0x0000000786e00000| Untracked 
| 111|0x0000000786f00000, 0x0000000786f00000, 0x0000000787000000|  0%| F|  |TAMS 0x0000000786f00000, 0x0000000786f00000| Untracked 
| 112|0x0000000787000000, 0x0000000787000000, 0x0000000787100000|  0%| F|  |TAMS 0x0000000787000000, 0x0000000787000000| Untracked 
| 113|0x0000000787100000, 0x0000000787100000, 0x0000000787200000|  0%| F|  |TAMS 0x0000000787100000, 0x0000000787100000| Untracked 
| 114|0x0000000787200000, 0x0000000787200000, 0x0000000787300000|  0%| F|  |TAMS 0x0000000787200000, 0x0000000787200000| Untracked 
| 115|0x0000000787300000, 0x0000000787300000, 0x0000000787400000|  0%| F|  |TAMS 0x0000000787300000, 0x0000000787300000| Untracked 
| 116|0x0000000787400000, 0x0000000787400000, 0x0000000787500000|  0%| F|  |TAMS 0x0000000787400000, 0x0000000787400000| Untracked 
| 117|0x0000000787500000, 0x0000000787500000, 0x0000000787600000|  0%| F|  |TAMS 0x0000000787500000, 0x0000000787500000| Untracked 
| 118|0x0000000787600000, 0x0000000787649600, 0x0000000787700000| 28%| E|  |TAMS 0x0000000787600000, 0x0000000787600000| Complete 
| 119|0x0000000787700000, 0x0000000787800000, 0x0000000787800000|100%| E|CS|TAMS 0x0000000787700000, 0x0000000787700000| Complete 
| 120|0x0000000787800000, 0x0000000787900000, 0x0000000787900000|100%| E|CS|TAMS 0x0000000787800000, 0x0000000787800000| Complete 
| 121|0x0000000787900000, 0x0000000787a00000, 0x0000000787a00000|100%| E|CS|TAMS 0x0000000787900000, 0x0000000787900000| Complete 
| 122|0x0000000787a00000, 0x0000000787b00000, 0x0000000787b00000|100%| E|  |TAMS 0x0000000787a00000, 0x0000000787a00000| Complete 
| 123|0x0000000787b00000, 0x0000000787c00000, 0x0000000787c00000|100%| E|CS|TAMS 0x0000000787b00000, 0x0000000787b00000| Complete 
| 124|0x0000000787c00000, 0x0000000787d00000, 0x0000000787d00000|100%| E|CS|TAMS 0x0000000787c00000, 0x0000000787c00000| Complete 
| 125|0x0000000787d00000, 0x0000000787e00000, 0x0000000787e00000|100%| E|CS|TAMS 0x0000000787d00000, 0x0000000787d00000| Complete 
| 126|0x0000000787e00000, 0x0000000787f00000, 0x0000000787f00000|100%| E|CS|TAMS 0x0000000787e00000, 0x0000000787e00000| Complete 
| 127|0x0000000787f00000, 0x0000000788000000, 0x0000000788000000|100%| E|CS|TAMS 0x0000000787f00000, 0x0000000787f00000| Complete 
|1022|0x00000007bfe00000, 0x00000007bfe46000, 0x00000007bff00000| 27%|OA|  |TAMS 0x00000007bfe00000, 0x00000007bfe00000| Untracked 
|1023|0x00000007bff00000, 0x00000007bff70000, 0x00000007c0000000| 43%|CA|  |TAMS 0x00000007bff00000, 0x00000007bff00000| Untracked 

Card table byte_map: [0x000000011a6b2000,0x000000011aab2000] _byte_map_base: 0x0000000116ab2000

Marking Bits (Prev, Next): (CMBitMap*) 0x00007fceaa00e818, (CMBitMap*) 0x00007fceaa00e858
 Prev Bits: [0x000000011aeb2000, 0x000000011ceb2000)
 Next Bits: [0x000000011ceb2000, 0x000000011eeb2000)

Polling page: 0x0000000100cfe000

Metaspace:

Usage:
  Non-class:      4.81 MB capacity,     1.60 MB ( 33%) used,     3.20 MB ( 67%) free+waste,     8.00 KB ( <1%) overhead. 
      Class:    551.00 KB capacity,   191.69 KB ( 35%) used,   354.88 KB ( 64%) free+waste,     4.44 KB ( <1%) overhead. 
       Both:      5.35 MB capacity,     1.79 MB ( 33%) used,     3.55 MB ( 66%) free+waste,    12.44 KB ( <1%) overhead. 

Virtual space:
  Non-class space:        8.00 MB reserved,       5.00 MB ( 62%) committed 
      Class space:        1.00 GB reserved,     640.00 KB ( <1%) committed 
             Both:        1.01 GB reserved,       5.62 MB ( <1%) committed 

Chunk freelists:
   Non-Class:  7.38 KB
       Class:  2.12 KB
        Both:  9.50 KB

CodeHeap 'non-profiled nmethods': size=120032Kb used=190Kb max_used=190Kb free=119842Kb
 bounds [0x0000000112a7a000, 0x0000000112cea000, 0x0000000119fb2000]
CodeHeap 'profiled nmethods': size=120032Kb used=743Kb max_used=743Kb free=119288Kb
 bounds [0x000000010b542000, 0x000000010b7b2000, 0x0000000112a7a000]
CodeHeap 'non-nmethods': size=5696Kb used=1074Kb max_used=1086Kb free=4621Kb
 bounds [0x000000010afb2000, 0x000000010b222000, 0x000000010b542000]
 total_blobs=1005 nmethods=501 adapters=284
 compilation: enabled
              stopped_count=0, restarted_count=0
 full_count=0

Compilation events (10 events):
Event: 0.917 Thread 0x00007fcea9859800  496       3       java.util.zip.ZipFile$Source::getEntryPos (206 bytes)
Event: 0.918 Thread 0x00007fcea9859800 nmethod 496 0x000000010b5f9390 code [0x000000010b5f9620, 0x000000010b5fa468]
Event: 0.920 Thread 0x00007fcea9859800  498       1       java.util.concurrent.ConcurrentHashMap::spread (10 bytes)
Event: 0.920 Thread 0x00007fcea9859800 nmethod 498 0x0000000112aa9110 code [0x0000000112aa92c0, 0x0000000112aa93b0]
Event: 0.922 Thread 0x00007fcea9859800  499       3       java.nio.ByteBuffer::position (8 bytes)
Event: 0.922 Thread 0x00007fcea9859800 nmethod 499 0x000000010b5fb010 code [0x000000010b5fb1c0, 0x000000010b5fb388]
Event: 0.922 Thread 0x00007fcea9859800  500       3       java.lang.String::startsWith (7 bytes)
Event: 0.923 Thread 0x00007fcea9859800 nmethod 500 0x000000010b5fb490 code [0x000000010b5fb640, 0x000000010b5fb7e8]
Event: 0.924 Thread 0x00007fcea9859800  501       3       java.io.RandomAccessFile::seek (22 bytes)
Event: 0.925 Thread 0x00007fcea9859800 nmethod 501 0x000000010b5fb890 code [0x000000010b5fba60, 0x000000010b5fbd38]

GC Heap History (0 events):
No events

Deoptimization events (1 events):
Event: 0.827 Thread 0x00007fcea880d000 Uncommon trap: reason=unstable_if action=reinterpret pc=0x0000000112a98cac method=java.lang.String.substring(II)Ljava/lang/String; @ 22 c2

Classes redefined (0 events):
No events

Internal exceptions (2 events):
Event: 0.895 Thread 0x00007fcea9857800 Exception <a 'java/lang/NoSuchMethodError'{0x00000007877395d0}: java.lang.invoke.DirectMethodHandle$Holder.invokeStatic(Ljava/lang/Object;Ljava/lang/Object;Ljava/lang/Object;Ljava/lang/Object;Ljava/lang/Object;Ljava/lang/Object;Ljava/lang/Object;J)Ljava/l
Event: 0.898 Thread 0x00007fcea9857800 Exception <a 'java/lang/NoSuchMethodError'{0x0000000787752360}: java.lang.invoke.DirectMethodHandle$Holder.invokeStatic(Ljava/lang/Object;Ljava/lang/Object;Ljava/lang/Object;Ljava/lang/Object;Ljava/lang/Object;Ljava/lang/Object;Ljava/lang/Object;JLjava/la

Events (10 events):
Event: 0.897 loading class java/lang/invoke/BoundMethodHandle$Species_LLLLJL
Event: 0.897 loading class java/lang/invoke/BoundMethodHandle$Species_LLLLJL done
Event: 0.901 loading class java/lang/invoke/BoundMethodHandle$Species_LLLLL
Event: 0.902 loading class java/lang/invoke/BoundMethodHandle$Species_LLLLL done
Event: 0.903 loading class java/lang/invoke/BoundMethodHandle$Species_LLLLLJ
Event: 0.903 loading class java/lang/invoke/BoundMethodHandle$Species_LLLLLJ done
Event: 0.904 loading class java/lang/invoke/BoundMethodHandle$Species_LLLLLJL
Event: 0.904 loading class java/lang/invoke/BoundMethodHandle$Species_LLLLLJL done
Event: 0.913 loading class java/util/concurrent/Callable
Event: 0.913 loading class java/util/concurrent/Callable done


Dynamic libraries:
0x00007fff7acf5000 	/usr/lib/libz.1.dylib
0x0000000100c8f000 	/Library/Java/JavaVirtualMachines/jdk-12.0.1.jdk/Contents/Home/lib/libjli.dylib
0x00007fff4ef1a000 	/System/Library/Frameworks/Cocoa.framework/Versions/A/Cocoa
0x00007fff5ac32000 	/System/Library/Frameworks/Security.framework/Versions/A/Security
0x00007fff4dbaf000 	/System/Library/Frameworks/ApplicationServices.framework/Versions/A/ApplicationServices
0x00007fff7864f000 	/usr/lib/libSystem.B.dylib
0x00007fff7b4eb000 	/usr/lib/system/libcache.dylib
0x00007fff7b4f0000 	/usr/lib/system/libcommonCrypto.dylib
0x00007fff7b4fb000 	/usr/lib/system/libcompiler_rt.dylib
0x00007fff7b503000 	/usr/lib/system/libcopyfile.dylib
0x00007fff7b50d000 	/usr/lib/system/libcorecrypto.dylib
0x00007fff7b618000 	/usr/lib/system/libdispatch.dylib
0x00007fff7b652000 	/usr/lib/system/libdyld.dylib
0x00007fff7b67f000 	/usr/lib/system/libkeymgr.dylib
0x00007fff7b68d000 	/usr/lib/system/liblaunch.dylib
0x00007fff7b68e000 	/usr/lib/system/libmacho.dylib
0x00007fff7b694000 	/usr/lib/system/libquarantine.dylib
0x00007fff7b697000 	/usr/lib/system/libremovefile.dylib
0x00007fff7b699000 	/usr/lib/system/libsystem_asl.dylib
0x00007fff7b6b1000 	/usr/lib/system/libsystem_blocks.dylib
0x00007fff7b6b2000 	/usr/lib/system/libsystem_c.dylib
0x00007fff7b73a000 	/usr/lib/system/libsystem_configuration.dylib
0x00007fff7b73e000 	/usr/lib/system/libsystem_coreservices.dylib
0x00007fff7b742000 	/usr/lib/system/libsystem_darwin.dylib
0x00007fff7b749000 	/usr/lib/system/libsystem_dnssd.dylib
0x00007fff7b750000 	/usr/lib/system/libsystem_info.dylib
0x00007fff7b7c5000 	/usr/lib/system/libsystem_m.dylib
0x00007fff7b811000 	/usr/lib/system/libsystem_malloc.dylib
0x00007fff7b83c000 	/usr/lib/system/libsystem_networkextension.dylib
0x00007fff7b847000 	/usr/lib/system/libsystem_notify.dylib
0x00007fff7b864000 	/usr/lib/system/libsystem_sandbox.dylib
0x00007fff7b868000 	/usr/lib/system/libsystem_secinit.dylib
0x00007fff7b79c000 	/usr/lib/system/libsystem_kernel.dylib
0x00007fff7b84f000 	/usr/lib/system/libsystem_platform.dylib
0x00007fff7b859000 	/usr/lib/system/libsystem_pthread.dylib
0x00007fff7b86b000 	/usr/lib/system/libsystem_symptoms.dylib
0x00007fff7b873000 	/usr/lib/system/libsystem_trace.dylib
0x00007fff7b88a000 	/usr/lib/system/libunwind.dylib
0x00007fff7b890000 	/usr/lib/system/libxpc.dylib
0x00007fff79e86000 	/usr/lib/libobjc.A.dylib
0x00007fff788e6000 	/usr/lib/libc++abi.dylib
0x00007fff78892000 	/usr/lib/libc++.1.dylib
0x00007fff4f702000 	/System/Library/Frameworks/CoreFoundation.framework/Versions/A/CoreFoundation
0x00007fff51984000 	/System/Library/Frameworks/Foundation.framework/Versions/C/Foundation
0x00007fff4cda8000 	/System/Library/Frameworks/AppKit.framework/Versions/C/AppKit
0x00007fff4f295000 	/System/Library/Frameworks/CoreData.framework/Versions/A/CoreData
0x00007fff72122000 	/System/Library/PrivateFrameworks/RemoteViewServices.framework/Versions/A/RemoteViewServices
0x00007fff7638f000 	/System/Library/PrivateFrameworks/UIFoundation.framework/Versions/A/UIFoundation
0x00007fff77a71000 	/System/Library/PrivateFrameworks/XCTTargetBootstrap.framework/Versions/A/XCTTargetBootstrap
0x00007fff4f61a000 	/System/Library/Frameworks/CoreDisplay.framework/Versions/A/CoreDisplay
0x00007fff6ce78000 	/System/Library/PrivateFrameworks/IconServices.framework/Versions/A/IconServices
0x00007fff542a8000 	/System/Library/Frameworks/Metal.framework/Versions/A/Metal
0x00007fff643f3000 	/System/Library/PrivateFrameworks/DesktopServicesPriv.framework/Versions/A/DesktopServicesPriv
0x00007fff791e9000 	/usr/lib/libenergytrace.dylib
0x00007fff74878000 	/System/Library/PrivateFrameworks/SkyLight.framework/Versions/A/SkyLight
0x00007fff4fb48000 	/System/Library/Frameworks/CoreGraphics.framework/Versions/A/CoreGraphics
0x00007fff4bb74000 	/System/Library/Frameworks/Accelerate.framework/Versions/A/Accelerate
0x00007fff520cc000 	/System/Library/Frameworks/IOSurface.framework/Versions/A/IOSurface
0x00007fff6425f000 	/System/Library/PrivateFrameworks/DFRFoundation.framework/Versions/A/DFRFoundation
0x00007fff4e092000 	/System/Library/Frameworks/AudioToolbox.framework/Versions/A/AudioToolbox
0x00007fff4e30b000 	/System/Library/Frameworks/AudioUnit.framework/Versions/A/AudioUnit
0x00007fff642f4000 	/System/Library/PrivateFrameworks/DataDetectorsCore.framework/Versions/A/DataDetectorsCore
0x00007fff4ea1e000 	/System/Library/Frameworks/Carbon.framework/Versions/A/Frameworks/HIToolbox.framework/Versions/A/HIToolbox
0x00007fff79342000 	/usr/lib/libicucore.A.dylib
0x00007fff5a1a7000 	/System/Library/Frameworks/QuartzCore.framework/Versions/A/QuartzCore
0x00007fff4edf2000 	/System/Library/Frameworks/Carbon.framework/Versions/A/Frameworks/SpeechRecognition.framework/Versions/A/SpeechRecognition
0x00007fff787a3000 	/usr/lib/libauto.dylib
0x00007fff7abe9000 	/usr/lib/libxml2.2.dylib
0x00007fff63e3c000 	/System/Library/PrivateFrameworks/CoreUI.framework/Versions/A/CoreUI
0x00007fff4f180000 	/System/Library/Frameworks/CoreAudio.framework/Versions/A/CoreAudio
0x00007fff517b9000 	/System/Library/Frameworks/DiskArbitration.framework/Versions/A/DiskArbitration
0x00007fff795f0000 	/usr/lib/liblangid.dylib
0x00007fff6e283000 	/System/Library/PrivateFrameworks/MultitouchSupport.framework/Versions/A/MultitouchSupport
0x00007fff5203b000 	/System/Library/Frameworks/IOKit.framework/Versions/A/IOKit
0x00007fff78210000 	/usr/lib/libDiagnosticMessagesClient.dylib
0x00007fff50957000 	/System/Library/Frameworks/CoreServices.framework/Versions/A/CoreServices
0x00007fff6ff2a000 	/System/Library/PrivateFrameworks/PerformanceAnalysis.framework/Versions/A/PerformanceAnalysis
0x00007fff59395000 	/System/Library/Frameworks/OpenGL.framework/Versions/A/OpenGL
0x00007fff4ef28000 	/System/Library/Frameworks/ColorSync.framework/Versions/A/ColorSync
0x00007fff501d9000 	/System/Library/Frameworks/CoreImage.framework/Versions/A/CoreImage
0x00007fff51330000 	/System/Library/Frameworks/CoreText.framework/Versions/A/CoreText
0x00007fff5212f000 	/System/Library/Frameworks/ImageIO.framework/Versions/A/ImageIO
0x00007fff60491000 	/System/Library/PrivateFrameworks/Backup.framework/Versions/A/Backup
0x00007fff786f6000 	/usr/lib/libarchive.2.dylib
0x00007fff4e663000 	/System/Library/Frameworks/CFNetwork.framework/Versions/A/CFNetwork
0x00007fff5b38c000 	/System/Library/Frameworks/SystemConfiguration.framework/Versions/A/SystemConfiguration
0x00007fff78141000 	/usr/lib/libCRFSuite.dylib
0x00007fff78873000 	/usr/lib/libbsm.0.dylib
0x00007fff7b680000 	/usr/lib/system/libkxld.dylib
0x00007fff5f882000 	/System/Library/PrivateFrameworks/AppleFSCompression.framework/Versions/A/AppleFSCompression
0x00007fff7850f000 	/usr/lib/libOpenScriptingUtil.dylib
0x00007fff78b9b000 	/usr/lib/libcoretls.dylib
0x00007fff78bb2000 	/usr/lib/libcoretls_cfhelpers.dylib
0x00007fff7a61d000 	/usr/lib/libpam.2.dylib
0x00007fff7a7dd000 	/usr/lib/libsqlite3.dylib
0x00007fff7abd7000 	/usr/lib/libxar.1.dylib
0x00007fff78884000 	/usr/lib/libbz2.1.0.dylib
0x00007fff795f2000 	/usr/lib/liblzma.5.dylib
0x00007fff79aa3000 	/usr/lib/libnetwork.dylib
0x00007fff786df000 	/usr/lib/libapple_nghttp2.dylib
0x00007fff7a624000 	/usr/lib/libpcap.A.dylib
0x00007fff50cf6000 	/System/Library/Frameworks/CoreServices.framework/Versions/A/Frameworks/FSEvents.framework/Versions/A/FSEvents
0x00007fff509d5000 	/System/Library/Frameworks/CoreServices.framework/Versions/A/Frameworks/CarbonCore.framework/Versions/A/CarbonCore
0x00007fff50eb2000 	/System/Library/Frameworks/CoreServices.framework/Versions/A/Frameworks/Metadata.framework/Versions/A/Metadata
0x00007fff50f51000 	/System/Library/Frameworks/CoreServices.framework/Versions/A/Frameworks/OSServices.framework/Versions/A/OSServices
0x00007fff50f9c000 	/System/Library/Frameworks/CoreServices.framework/Versions/A/Frameworks/SearchKit.framework/Versions/A/SearchKit
0x00007fff50958000 	/System/Library/Frameworks/CoreServices.framework/Versions/A/Frameworks/AE.framework/Versions/A/AE
0x00007fff50cff000 	/System/Library/Frameworks/CoreServices.framework/Versions/A/Frameworks/LaunchServices.framework/Versions/A/LaunchServices
0x00007fff50cad000 	/System/Library/Frameworks/CoreServices.framework/Versions/A/Frameworks/DictionaryServices.framework/Versions/A/DictionaryServices
0x00007fff51004000 	/System/Library/Frameworks/CoreServices.framework/Versions/A/Frameworks/SharedFileList.framework/Versions/A/SharedFileList
0x00007fff55370000 	/System/Library/Frameworks/NetFS.framework/Versions/A/NetFS
0x00007fff6e4e9000 	/System/Library/PrivateFrameworks/NetAuth.framework/Versions/A/NetAuth
0x00007fff77e75000 	/System/Library/PrivateFrameworks/login.framework/Versions/A/Frameworks/loginsupport.framework/Versions/A/loginsupport
0x00007fff75f98000 	/System/Library/PrivateFrameworks/TCC.framework/Versions/A/TCC
0x00007fff63499000 	/System/Library/PrivateFrameworks/CoreNLP.framework/Versions/A/CoreNLP
0x00007fff6df7f000 	/System/Library/PrivateFrameworks/MetadataUtilities.framework/Versions/A/MetadataUtilities
0x00007fff796c7000 	/usr/lib/libmecabra.dylib
0x00007fff4dbb0000 	/System/Library/Frameworks/ApplicationServices.framework/Versions/A/Frameworks/ATS.framework/Versions/A/ATS
0x00007fff4deff000 	/System/Library/Frameworks/ApplicationServices.framework/Versions/A/Frameworks/ColorSyncLegacy.framework/Versions/A/ColorSyncLegacy
0x00007fff4df9e000 	/System/Library/Frameworks/ApplicationServices.framework/Versions/A/Frameworks/HIServices.framework/Versions/A/HIServices
0x00007fff4dff1000 	/System/Library/Frameworks/ApplicationServices.framework/Versions/A/Frameworks/LangAnalysis.framework/Versions/A/LangAnalysis
0x00007fff4e001000 	/System/Library/Frameworks/ApplicationServices.framework/Versions/A/Frameworks/PrintCore.framework/Versions/A/PrintCore
0x00007fff4e04b000 	/System/Library/Frameworks/ApplicationServices.framework/Versions/A/Frameworks/QD.framework/Versions/A/QD
0x00007fff4e085000 	/System/Library/Frameworks/ApplicationServices.framework/Versions/A/Frameworks/SpeechSynthesis.framework/Versions/A/SpeechSynthesis
0x00007fff7890e000 	/usr/lib/libcompression.dylib
0x00007fff54578000 	/System/Library/Frameworks/MetalPerformanceShaders.framework/Versions/A/MetalPerformanceShaders
0x00007fff4bb8c000 	/System/Library/Frameworks/Accelerate.framework/Versions/A/Frameworks/vImage.framework/Versions/A/vImage
0x00007fff4cc06000 	/System/Library/Frameworks/Accelerate.framework/Versions/A/Frameworks/vecLib.framework/Versions/A/vecLib
0x00007fff4cb52000 	/System/Library/Frameworks/Accelerate.framework/Versions/A/Frameworks/vecLib.framework/Versions/A/libvMisc.dylib
0x00007fff4c96a000 	/System/Library/Frameworks/Accelerate.framework/Versions/A/Frameworks/vecLib.framework/Versions/A/libvDSP.dylib
0x00007fff4c226000 	/System/Library/Frameworks/Accelerate.framework/Versions/A/Frameworks/vecLib.framework/Versions/A/libBLAS.dylib
0x00007fff4c513000 	/System/Library/Frameworks/Accelerate.framework/Versions/A/Frameworks/vecLib.framework/Versions/A/libLAPACK.dylib
0x00007fff4c8bd000 	/System/Library/Frameworks/Accelerate.framework/Versions/A/Frameworks/vecLib.framework/Versions/A/libLinearAlgebra.dylib
0x00007fff4c956000 	/System/Library/Frameworks/Accelerate.framework/Versions/A/Frameworks/vecLib.framework/Versions/A/libSparseBLAS.dylib
0x00007fff4c8d3000 	/System/Library/Frameworks/Accelerate.framework/Versions/A/Frameworks/vecLib.framework/Versions/A/libQuadrature.dylib
0x00007fff4c4a0000 	/System/Library/Frameworks/Accelerate.framework/Versions/A/Frameworks/vecLib.framework/Versions/A/libBNNS.dylib
0x00007fff4c8d9000 	/System/Library/Frameworks/Accelerate.framework/Versions/A/Frameworks/vecLib.framework/Versions/A/libSparse.dylib
0x00007fff6a7db000 	/System/Library/PrivateFrameworks/GPUWrangler.framework/Versions/A/GPUWrangler
0x00007fff6caad000 	/System/Library/PrivateFrameworks/IOAccelerator.framework/Versions/A/IOAccelerator
0x00007fff6cab8000 	/System/Library/PrivateFrameworks/IOPresentment.framework/Versions/A/IOPresentment
0x00007fff6426f000 	/System/Library/PrivateFrameworks/DSExternalDisplay.framework/Versions/A/DSExternalDisplay
0x00007fff587ec000 	/System/Library/Frameworks/OpenGL.framework/Versions/A/Libraries/libCoreFSCache.dylib
0x00007fff5436c000 	/System/Library/Frameworks/MetalPerformanceShaders.framework/Frameworks/MPSCore.framework/Versions/A/MPSCore
0x00007fff5438c000 	/System/Library/Frameworks/MetalPerformanceShaders.framework/Frameworks/MPSImage.framework/Versions/A/MPSImage
0x00007fff54431000 	/System/Library/Frameworks/MetalPerformanceShaders.framework/Frameworks/MPSNeuralNetwork.framework/Versions/A/MPSNeuralNetwork
0x00007fff54409000 	/System/Library/Frameworks/MetalPerformanceShaders.framework/Frameworks/MPSMatrix.framework/Versions/A/MPSMatrix
0x00007fff5455d000 	/System/Library/Frameworks/MetalPerformanceShaders.framework/Frameworks/MPSRayIntersector.framework/Versions/A/MPSRayIntersector
0x00007fff6dfa8000 	/System/Library/PrivateFrameworks/MetalTools.framework/Versions/A/MetalTools
0x00007fff5f12f000 	/System/Library/PrivateFrameworks/AggregateDictionary.framework/Versions/A/AggregateDictionary
0x00007fff784f0000 	/usr/lib/libMobileGestalt.dylib
0x00007fff51493000 	/System/Library/Frameworks/CoreVideo.framework/Versions/A/CoreVideo
0x00007fff6b5eb000 	/System/Library/PrivateFrameworks/GraphVisualizer.framework/Versions/A/GraphVisualizer
0x00007fff6546b000 	/System/Library/PrivateFrameworks/FaceCore.framework/Versions/A/FaceCore
0x00007fff57e1a000 	/System/Library/Frameworks/OpenCL.framework/Versions/A/OpenCL
0x00007fff78248000 	/usr/lib/libFosl_dynamic.dylib
0x00007fff6ed54000 	/System/Library/PrivateFrameworks/OTSVG.framework/Versions/A/OTSVG
0x00007fff4dcb4000 	/System/Library/Frameworks/ApplicationServices.framework/Versions/A/Frameworks/ATS.framework/Versions/A/Resources/libFontParser.dylib
0x00007fff4ddcc000 	/System/Library/Frameworks/ApplicationServices.framework/Versions/A/Frameworks/ATS.framework/Versions/A/Resources/libFontRegistry.dylib
0x00007fff5239d000 	/System/Library/Frameworks/ImageIO.framework/Versions/A/Resources/libJPEG.dylib
0x00007fff526af000 	/System/Library/Frameworks/ImageIO.framework/Versions/A/Resources/libTIFF.dylib
0x00007fff52685000 	/System/Library/Frameworks/ImageIO.framework/Versions/A/Resources/libPng.dylib
0x00007fff522bb000 	/System/Library/Frameworks/ImageIO.framework/Versions/A/Resources/libGIF.dylib
0x00007fff522c0000 	/System/Library/Frameworks/ImageIO.framework/Versions/A/Resources/libJP2.dylib
0x00007fff526ac000 	/System/Library/Frameworks/ImageIO.framework/Versions/A/Resources/libRadiance.dylib
0x00007fff5f9d9000 	/System/Library/PrivateFrameworks/AppleJPEG.framework/Versions/A/AppleJPEG
0x00007fff587f7000 	/System/Library/Frameworks/OpenGL.framework/Versions/A/Libraries/libGFXShared.dylib
0x00007fff589ba000 	/System/Library/Frameworks/OpenGL.framework/Versions/A/Libraries/libGLU.dylib
0x00007fff58800000 	/System/Library/Frameworks/OpenGL.framework/Versions/A/Libraries/libGL.dylib
0x00007fff5880c000 	/System/Library/Frameworks/OpenGL.framework/Versions/A/Libraries/libGLImage.dylib
0x00007fff587e9000 	/System/Library/Frameworks/OpenGL.framework/Versions/A/Libraries/libCVMSPluginSupport.dylib
0x00007fff587f2000 	/System/Library/Frameworks/OpenGL.framework/Versions/A/Libraries/libCoreVMClient.dylib
0x00007fff7905f000 	/usr/lib/libcups.2.dylib
0x00007fff53873000 	/System/Library/Frameworks/Kerberos.framework/Versions/A/Kerberos
0x00007fff51da0000 	/System/Library/Frameworks/GSS.framework/Versions/A/GSS
0x00007fff7a772000 	/usr/lib/libresolv.9.dylib
0x00007fff79251000 	/usr/lib/libiconv.2.dylib
0x00007fff6b74a000 	/System/Library/PrivateFrameworks/Heimdal.framework/Versions/A/Heimdal
0x00007fff79221000 	/usr/lib/libheimdal-asn1.dylib
0x00007fff57e8e000 	/System/Library/Frameworks/OpenDirectory.framework/Versions/A/OpenDirectory
0x00007fff621fe000 	/System/Library/PrivateFrameworks/CommonAuth.framework/Versions/A/CommonAuth
0x00007fff57e72000 	/System/Library/Frameworks/OpenDirectory.framework/Versions/A/Frameworks/CFOpenDirectory.framework/Versions/A/CFOpenDirectory
0x00007fff5af32000 	/System/Library/Frameworks/SecurityFoundation.framework/Versions/A/SecurityFoundation
0x00007fff5e678000 	/System/Library/PrivateFrameworks/APFS.framework/Versions/A/APFS
0x00007fff7abd3000 	/usr/lib/libutil.dylib
0x00007fff788fc000 	/usr/lib/libcharset.1.dylib
0x00007fff5fc76000 	/System/Library/PrivateFrameworks/AppleSauce.framework/Versions/A/AppleSauce
0x00007fff5fdf7000 	/System/Library/PrivateFrameworks/AssertionServices.framework/Versions/A/AssertionServices
0x00007fff60527000 	/System/Library/PrivateFrameworks/BaseBoard.framework/Versions/A/BaseBoard
0x00007fff79622000 	/usr/lib/libmecab.1.0.0.dylib
0x00007fff7921b000 	/usr/lib/libgermantok.dylib
0x00007fff786cc000 	/usr/lib/libThaiTokenizer.dylib
0x00007fff78178000 	/usr/lib/libChineseTokenizer.dylib
0x00007fff6d166000 	/System/Library/PrivateFrameworks/LanguageModeling.framework/Versions/A/LanguageModeling
0x00007fff62edf000 	/System/Library/PrivateFrameworks/CoreEmoji.framework/Versions/A/CoreEmoji
0x00007fff6d242000 	/System/Library/PrivateFrameworks/Lexicon.framework/Versions/A/Lexicon
0x00007fff6d285000 	/System/Library/PrivateFrameworks/LinguisticData.framework/Versions/A/LinguisticData
0x00007fff788fd000 	/usr/lib/libcmph.dylib
0x00007fff5aff0000 	/System/Library/Frameworks/ServiceManagement.framework/Versions/A/ServiceManagement
0x00007fff60488000 	/System/Library/PrivateFrameworks/BackgroundTaskManagement.framework/Versions/A/BackgroundTaskManagement
0x00007fff7accc000 	/usr/lib/libxslt.1.dylib
0x00007fff4ed1f000 	/System/Library/Frameworks/Carbon.framework/Versions/A/Frameworks/Ink.framework/Versions/A/Ink
0x00007fff7620a000 	/System/Library/PrivateFrameworks/TextureIO.framework/Versions/A/TextureIO
0x00007fff78720000 	/usr/lib/libate.dylib
0x00007fff641be000 	/System/Library/PrivateFrameworks/CrashReporterSupport.framework/Versions/A/CrashReporterSupport
0x00007fff73949000 	/System/Library/PrivateFrameworks/Sharing.framework/Versions/A/Sharing
0x00007fff601da000 	/System/Library/PrivateFrameworks/AuthKit.framework/Versions/A/AuthKit
0x00007fff5f72e000 	/System/Library/PrivateFrameworks/Apple80211.framework/Versions/A/Apple80211
0x00007fff63f68000 	/System/Library/PrivateFrameworks/CoreUtils.framework/Versions/A/CoreUtils
0x00007fff514d3000 	/System/Library/Frameworks/CoreWLAN.framework/Versions/A/CoreWLAN
0x00007fff51ecf000 	/System/Library/Frameworks/IOBluetooth.framework/Versions/A/IOBluetooth
0x00007fff71dc9000 	/System/Library/PrivateFrameworks/ProtocolBuffer.framework/Versions/A/ProtocolBuffer
0x00007fff6e1df000 	/System/Library/PrivateFrameworks/MobileKeyBag.framework/Versions/A/MobileKeyBag
0x00007fff637ac000 	/System/Library/PrivateFrameworks/CorePhoneNumbers.framework/Versions/A/CorePhoneNumbers
0x00007fff5f98d000 	/System/Library/PrivateFrameworks/AppleIDAuthSupport.framework/Versions/A/AppleIDAuthSupport
0x00007fff6d139000 	/System/Library/PrivateFrameworks/KeychainCircle.framework/Versions/A/KeychainCircle
0x00007fff71f7f000 	/System/Library/PrivateFrameworks/ROCKit.framework/Versions/A/ROCKit
0x00007fff6415a000 	/System/Library/PrivateFrameworks/CoreWiFi.framework/Versions/A/CoreWiFi
0x00007fff4f26a000 	/System/Library/Frameworks/CoreBluetooth.framework/Versions/A/CoreBluetooth
0x00007fff643b5000 	/System/Library/PrivateFrameworks/DebugSymbols.framework/Versions/A/DebugSymbols
0x00007fff63d28000 	/System/Library/PrivateFrameworks/CoreSymbolication.framework/Versions/A/CoreSymbolication
0x00007fff75a25000 	/System/Library/PrivateFrameworks/Symbolication.framework/Versions/A/Symbolication
0x00007fff752c8000 	/System/Library/PrivateFrameworks/SpeechRecognitionCore.framework/Versions/A/SpeechRecognitionCore
0x00000001019c3000 	/Library/Java/JavaVirtualMachines/jdk-12.0.1.jdk/Contents/Home/lib/server/libjvm.dylib
0x0000000100cb7000 	/Library/Java/JavaVirtualMachines/jdk-12.0.1.jdk/Contents/Home/lib/libverify.dylib
0x0000000100cc3000 	/Library/Java/JavaVirtualMachines/jdk-12.0.1.jdk/Contents/Home/lib/libjava.dylib
0x0000000102721000 	/private/var/folders/dw/ptp0mfc1003_4sg403w40dz40000gn/T/libasyncProfiler.so
0x00007fff7aaae000 	/usr/lib/libstdc++.6.dylib
0x0000000100d48000 	/Library/Java/JavaVirtualMachines/jdk-12.0.1.jdk/Contents/Home/lib/libzip.dylib
0x0000000100d50000 	/Library/Java/JavaVirtualMachines/jdk-12.0.1.jdk/Contents/Home/lib/libjimage.dylib
0x0000000121bcd000 	/Library/Java/JavaVirtualMachines/jdk-12.0.1.jdk/Contents/Home/lib/libnio.dylib
0x0000000121bdb000 	/Library/Java/JavaVirtualMachines/jdk-12.0.1.jdk/Contents/Home/lib/./libnet.dylib


VM Arguments:
jvm_args: --add-modules=javafx.controls,javafx.fxml,javafx.swing --module-path=/Users/linyicheng/.gradle/caches/modules-2/files-2.1/org.openjfx/javafx-fxml/12.0.2/98dca7c6880c7536343ffd83ef8449c2892afebb/javafx-fxml-12.0.2-mac.jar:/Users/linyicheng/.gradle/caches/modules-2/files-2.1/org.openjfx/javafx-controls/12.0.2/ae69a0ca9c71ef8717734c6a3f7d31461aac4ece/javafx-controls-12.0.2-mac.jar:/Users/linyicheng/.gradle/caches/modules-2/files-2.1/org.openjfx/javafx-swing/12.0.2/8ee99c488c16a6552b1bd65c554e2bdaad74b38b/javafx-swing-12.0.2-mac.jar:/Users/linyicheng/.gradle/caches/modules-2/files-2.1/org.openjfx/javafx-graphics/12.0.2/851bb820c2f537ac7b5fa04bc5209b2d6f956cc7/javafx-graphics-12.0.2-mac.jar:/Users/linyicheng/.gradle/caches/modules-2/files-2.1/org.openjfx/javafx-base/12.0.2/9233d079c0954a4eca7eb8f012136d5bf057179a/javafx-base-12.0.2-mac.jar -agentpath:/private/var/folders/dw/ptp0mfc1003_4sg403w40dz40000gn/T/libasyncProfiler.so=start,collapsed,threads,interval=1ms,framebuf=15000000,file=/private/var/folders/dw/ptp0mfc1003_4sg403w40dz40000gn/T/asyncprofiler11.dump -Dfile.encoding=UTF-8 -Duser.country=SG -Duser.language=en -Duser.variant 
java_command: app.Launcher
java_class_path (initial): /Users/linyicheng/Desktop/Code/CS/electrostatics-sim/build/classes/java/main:/Users/linyicheng/Desktop/Code/CS/electrostatics-sim/build/resources/main:/Users/linyicheng/.gradle/caches/modules-2/files-2.1/org.apfloat/apfloat/1.9.1/ef77d93e42eaaabe1ea233f9ef919c6aa232c457/apfloat-1.9.1.jar:/Users/linyicheng/.gradle/caches/modules-2/files-2.1/org.openjfx/javafx-fxml/12.0.2/98dca7c6880c7536343ffd83ef8449c2892afebb/javafx-fxml-12.0.2-mac.jar:/Users/linyicheng/.gradle/caches/modules-2/files-2.1/org.openjfx/javafx-fxml/12.0.2/d5847838c24f309a05685ab6de1291d5b10fed88/javafx-fxml-12.0.2-win.jar:/Users/linyicheng/.gradle/caches/modules-2/files-2.1/org.openjfx/javafx-fxml/12.0.2/ccaf46a724b0527d2a06d5c2ee3a146d74772e96/javafx-fxml-12.0.2-linux.jar:/Users/linyicheng/.gradle/caches/modules-2/files-2.1/org.openjfx/javafx-controls/12.0.2/ae69a0ca9c71ef8717734c6a3f7d31461aac4ece/javafx-controls-12.0.2-mac.jar:/Users/linyicheng/.gradle/caches/modules-2/files-2.1/org.openjfx/javafx-controls/12.0.2/621a6805bd7a1d078ef4f2cc01171fb4326e573a/javafx-controls-12.0.2-win.jar:/Users/linyicheng/.gradle/caches/modules-2/files-2.1/org.openjfx/javafx-controls/12.0.2/6eb45f6f7cf9217bf3d3f7006268256fd3546243/javafx-controls-12.0.2-linux.jar:/Users/linyicheng/.gradle/caches/modules-2/files-2.1/org.openjfx/javafx-controls/12.0.2/16234938121962df7bff97f02bfcb1ea10d73e0c/javafx-controls-12.0.2.jar:/Users/linyicheng/.gradle/caches/modules-2/files-2.1/org.openjfx/javafx-swing/12.0.2/8ee99c488c16a6552b1bd65c554e2bdaad74b38b/javafx-swing-12.0.2-mac.jar:/Users/linyicheng/.gradle/caches/modules-2/files-2.1/org.openjfx/javafx-swing/12.0.2/7f19138754c09ef3e4acd76cd81b056cbd1636d2/javafx-swing-12.0.2-win.jar:/Users/linyicheng/.gradle/caches/modules-2/files-2.1/org.openjfx/javafx-swing/12.0.2/9f6d7b6e189edcf33c67da38bc4e9249445a34f3/javafx-swing-12.0.2-linux.jar:/Users/linyicheng/.gradle/caches/modules-2/files-2.1/org.openjfx/javafx-graphics/12.0.2/851bb820c2f537ac7b5fa04bc5209b2d6f
Launcher Type: SUN_STANDARD

[Global flags]
     intx CICompilerCount                          = 3                                         {product} {ergonomic}
     uint ConcGCThreads                            = 1                                         {product} {ergonomic}
     uint G1ConcRefinementThreads                  = 4                                         {product} {ergonomic}
   size_t G1HeapRegionSize                         = 1048576                                   {product} {ergonomic}
    uintx GCDrainStackTargetSize                   = 64                                        {product} {ergonomic}
   size_t InitialHeapSize                          = 134217728                                 {product} {ergonomic}
   size_t MarkStackSize                            = 4194304                                   {product} {ergonomic}
   size_t MaxHeapSize                              = 2147483648                                {product} {ergonomic}
   size_t MaxNewSize                               = 1287651328                                {product} {ergonomic}
   size_t MinHeapDeltaBytes                        = 1048576                                   {product} {ergonomic}
    uintx NonNMethodCodeHeapSize                   = 5830732                                {pd product} {ergonomic}
    uintx NonProfiledCodeHeapSize                  = 122913754                              {pd product} {ergonomic}
    uintx ProfiledCodeHeapSize                     = 122913754                              {pd product} {ergonomic}
    uintx ReservedCodeCacheSize                    = 251658240                              {pd product} {ergonomic}
     bool SegmentedCodeCache                       = true                                      {product} {ergonomic}
     bool UseCompressedClassPointers               = true                                 {lp64_product} {ergonomic}
     bool UseCompressedOops                        = true                                 {lp64_product} {ergonomic}
     bool UseG1GC                                  = true                                      {product} {ergonomic}

Logging:
Log output configuration:
 #0: stdout all=warning uptime,level,tags
 #1: stderr all=off uptime,level,tags

Environment Variables:
PATH=/Library/Frameworks/Python.framework/Versions/3.7/bin:/Users/linyicheng/anaconda3/bin:/opt/local/bin:/Users/linyicheng/.zplug/repos/zplug/zplug/bin:/bin:/Library/Frameworks/Python.framework/Versions/3.7/bin:/Library/Frameworks/Python.framework/Versions/2.7/bin:/Library/Frameworks/Python.framework/Versions/3.4/bin:/Library/Frameworks/Python.framework/Versions/3.5/bin:/usr/local/bin:/usr/bin:/usr/sbin:/sbin:/Library/TeX/texbin:/usr/local/MacGPG2/bin:/opt/X11/bin:/Library/Frameworks/Mono.framework/Versions/Current/Commands:/Applications/Wireshark.app/Contents/MacOS:/Applications/Postgres.app/Contents/Versions/latest/bin
SHELL=/bin/zsh
DISPLAY=/private/tmp/com.apple.launchd.pG0J7Ndmlv/org.macosforge.xquartz:0

Signal Handlers:
SIGSEGV: [libjvm.dylib+0x736202], sa_mask[0]=11111111011111110111111111111111, sa_flags=SA_ONSTACK|SA_RESTART|SA_SIGINFO
SIGBUS: [libjvm.dylib+0x736202], sa_mask[0]=11111111011111110111111111111111, sa_flags=SA_RESTART|SA_SIGINFO
SIGFPE: [libjvm.dylib+0x736202], sa_mask[0]=11111111011111110111111111111111, sa_flags=SA_RESTART|SA_SIGINFO
SIGPIPE: [libjvm.dylib+0x5ddc76], sa_mask[0]=11111111011111110111111111111111, sa_flags=SA_RESTART|SA_SIGINFO
SIGXFSZ: [libjvm.dylib+0x5ddc76], sa_mask[0]=11111111011111110111111111111111, sa_flags=SA_RESTART|SA_SIGINFO
SIGILL: [libjvm.dylib+0x736202], sa_mask[0]=11111111011111110111111111111111, sa_flags=SA_RESTART|SA_SIGINFO
SIGUSR2: [libjvm.dylib+0x5de25b], sa_mask[0]=00100000000000000000000000000000, sa_flags=SA_RESTART|SA_SIGINFO
SIGHUP: [libjvm.dylib+0x5dcf1b], sa_mask[0]=11111111011111110111111111111111, sa_flags=SA_RESTART|SA_SIGINFO
SIGINT: [libjvm.dylib+0x5dcf1b], sa_mask[0]=11111111011111110111111111111111, sa_flags=SA_RESTART|SA_SIGINFO
SIGTERM: [libjvm.dylib+0x5dcf1b], sa_mask[0]=11111111011111110111111111111111, sa_flags=SA_RESTART|SA_SIGINFO
SIGQUIT: [libjvm.dylib+0x5dcf1b], sa_mask[0]=11111111011111110111111111111111, sa_flags=SA_RESTART|SA_SIGINFO


---------------  S Y S T E M  ---------------

OS:uname:Darwin 18.6.0 Darwin Kernel Version 18.6.0: Thu Apr 25 23:16:27 PDT 2019; root:xnu-4903.261.4~2/RELEASE_X86_64 x86_64
rlimit: STACK 8192k, CORE 0k, NPROC 709, NOFILE 10240, AS infinity, DATA infinity, FSIZE infinity
load average:3.04 2.82 2.70

CPU:total 4 (initial active 4) (2 cores per cpu, 2 threads per core) family 6 model 142 stepping 9, cmov, cx8, fxsr, mmx, sse, sse2, sse3, ssse3, sse4.1, sse4.2, popcnt, avx, avx2, aes, clmul, erms, 3dnowpref, lzcnt, ht, tsc, tscinvbit, bmi1, bmi2, adx, fma

Memory: 4k page, physical 8388608k(176804k free)

vm_info: Java HotSpot(TM) 64-Bit Server VM (12.0.1+12) for bsd-amd64 JRE (12.0.1+12), built on Apr  2 2019 08:17:12 by "mach5one" with gcc 4.2.1 Compatible Apple LLVM 9.1.0 (clang-902.0.39.2)

END.
